{"/Users/unbug/WebSpace/selenium/Whole-Foods-Market-App-sample-code/android-wfm.js":{"path":"/Users/unbug/WebSpace/selenium/Whole-Foods-Market-App-sample-code/android-wfm.js","s":{"1":1,"2":1,"3":1,"4":1,"5":1,"6":1,"7":1,"8":1,"9":1,"10":1,"11":1,"12":1,"13":1,"14":1,"15":1,"16":1,"17":3,"18":1,"19":1,"20":1,"21":1,"22":1,"23":1,"24":1,"25":1,"26":1,"27":1},"b":{"1":[3,3]},"f":{"1":1,"2":1,"3":1,"4":3,"5":1,"6":1,"7":1},"fnMap":{"1":{"name":"(anonymous_1)","line":12,"loc":{"start":{"line":12,"column":43},"end":{"line":12,"column":55}}},"2":{"name":"(anonymous_2)","line":17,"loc":{"start":{"line":17,"column":9},"end":{"line":17,"column":21}}},"3":{"name":"(anonymous_3)","line":30,"loc":{"start":{"line":30,"column":8},"end":{"line":30,"column":20}}},"4":{"name":"(anonymous_4)","line":36,"loc":{"start":{"line":36,"column":12},"end":{"line":36,"column":24}}},"5":{"name":"(anonymous_5)","line":40,"loc":{"start":{"line":40,"column":48},"end":{"line":40,"column":60}}},"6":{"name":"(anonymous_6)","line":46,"loc":{"start":{"line":46,"column":38},"end":{"line":46,"column":50}}},"7":{"name":"(anonymous_7)","line":51,"loc":{"start":{"line":51,"column":40},"end":{"line":51,"column":52}}}},"statementMap":{"1":{"start":{"line":3,"column":0},"end":{"line":3,"column":27}},"2":{"start":{"line":5,"column":0},"end":{"line":10,"column":47}},"3":{"start":{"line":12,"column":0},"end":{"line":56,"column":3}},"4":{"start":{"line":13,"column":2},"end":{"line":13,"column":23}},"5":{"start":{"line":14,"column":2},"end":{"line":14,"column":13}},"6":{"start":{"line":15,"column":2},"end":{"line":15,"column":23}},"7":{"start":{"line":17,"column":2},"end":{"line":28,"column":5}},"8":{"start":{"line":18,"column":4},"end":{"line":18,"column":43}},"9":{"start":{"line":19,"column":4},"end":{"line":19,"column":49}},"10":{"start":{"line":20,"column":4},"end":{"line":20,"column":51}},"11":{"start":{"line":22,"column":4},"end":{"line":22,"column":63}},"12":{"start":{"line":23,"column":4},"end":{"line":23,"column":79}},"13":{"start":{"line":25,"column":4},"end":{"line":27,"column":37}},"14":{"start":{"line":30,"column":2},"end":{"line":34,"column":5}},"15":{"start":{"line":31,"column":4},"end":{"line":33,"column":13}},"16":{"start":{"line":36,"column":2},"end":{"line":38,"column":5}},"17":{"start":{"line":37,"column":4},"end":{"line":37,"column":65}},"18":{"start":{"line":40,"column":2},"end":{"line":44,"column":5}},"19":{"start":{"line":41,"column":4},"end":{"line":41,"column":43}},"20":{"start":{"line":42,"column":4},"end":{"line":42,"column":33}},"21":{"start":{"line":43,"column":4},"end":{"line":43,"column":44}},"22":{"start":{"line":46,"column":2},"end":{"line":49,"column":5}},"23":{"start":{"line":47,"column":4},"end":{"line":47,"column":43}},"24":{"start":{"line":48,"column":4},"end":{"line":48,"column":30}},"25":{"start":{"line":51,"column":2},"end":{"line":54,"column":5}},"26":{"start":{"line":52,"column":4},"end":{"line":52,"column":59}},"27":{"start":{"line":53,"column":4},"end":{"line":53,"column":45}}},"branchMap":{"1":{"line":37,"type":"binary-expr","locations":[{"start":{"line":37,"column":16},"end":{"line":37,"column":25}},{"start":{"line":37,"column":29},"end":{"line":37,"column":64}}]}}},"/Users/unbug/WebSpace/selenium/Whole-Foods-Market-App-sample-code/helpers/setup.js":{"path":"/Users/unbug/WebSpace/selenium/Whole-Foods-Market-App-sample-code/helpers/setup.js","s":{"1":1,"2":1,"3":1,"4":1,"5":1,"6":1,"7":1,"8":1},"b":{},"f":{},"fnMap":{},"statementMap":{"1":{"start":{"line":1,"column":0},"end":{"line":1,"column":23}},"2":{"start":{"line":3,"column":0},"end":{"line":3,"column":18}},"3":{"start":{"line":4,"column":0},"end":{"line":4,"column":27}},"4":{"start":{"line":5,"column":0},"end":{"line":5,"column":49}},"5":{"start":{"line":6,"column":0},"end":{"line":6,"column":25}},"6":{"start":{"line":7,"column":0},"end":{"line":7,"column":27}},"7":{"start":{"line":8,"column":0},"end":{"line":8,"column":60}},"8":{"start":{"line":10,"column":0},"end":{"line":10,"column":24}}},"branchMap":{}},"/Users/unbug/WebSpace/selenium/Whole-Foods-Market-App-sample-code/helpers/appium-servers.js":{"path":"/Users/unbug/WebSpace/selenium/Whole-Foods-Market-App-sample-code/helpers/appium-servers.js","s":{"1":1},"b":{},"f":{},"fnMap":{},"statementMap":{"1":{"start":{"line":2,"column":0},"end":{"line":5,"column":2}}},"branchMap":{}},"/Users/unbug/WebSpace/selenium/Whole-Foods-Market-App-sample-code/helpers/promise-utils.js":{"path":"/Users/unbug/WebSpace/selenium/Whole-Foods-Market-App-sample-code/helpers/promise-utils.js","s":{"1":1,"2":1,"3":1,"4":0,"5":0,"6":0,"7":0,"8":0,"9":1,"10":1,"11":0,"12":0,"13":0,"14":0,"15":0,"16":0,"17":0,"18":1,"19":0,"20":1,"21":0,"22":1,"23":0,"24":0,"25":0},"b":{"1":[0,0]},"f":{"1":1,"2":0,"3":0,"4":0,"5":0,"6":1,"7":0,"8":0,"9":0,"10":0,"11":0,"12":0,"13":0,"14":0,"15":0},"fnMap":{"1":{"name":"(anonymous_1)","line":6,"loc":{"start":{"line":6,"column":15},"end":{"line":6,"column":29}}},"2":{"name":"(anonymous_2)","line":7,"loc":{"start":{"line":7,"column":9},"end":{"line":7,"column":24}}},"3":{"name":"(anonymous_3)","line":8,"loc":{"start":{"line":8,"column":25},"end":{"line":8,"column":42}}},"4":{"name":"(anonymous_4)","line":9,"loc":{"start":{"line":9,"column":13},"end":{"line":9,"column":25}}},"5":{"name":"(anonymous_5)","line":14,"loc":{"start":{"line":14,"column":44},"end":{"line":14,"column":56}}},"6":{"name":"(anonymous_6)","line":20,"loc":{"start":{"line":20,"column":17},"end":{"line":20,"column":31}}},"7":{"name":"(anonymous_7)","line":21,"loc":{"start":{"line":21,"column":9},"end":{"line":21,"column":24}}},"8":{"name":"(anonymous_8)","line":22,"loc":{"start":{"line":22,"column":25},"end":{"line":22,"column":42}}},"9":{"name":"(anonymous_9)","line":23,"loc":{"start":{"line":23,"column":13},"end":{"line":23,"column":36}}},"10":{"name":"(anonymous_10)","line":24,"loc":{"start":{"line":24,"column":30},"end":{"line":24,"column":46}}},"11":{"name":"(anonymous_11)","line":35,"loc":{"start":{"line":35,"column":34},"end":{"line":35,"column":51}}},"12":{"name":"(anonymous_12)","line":39,"loc":{"start":{"line":39,"column":41},"end":{"line":39,"column":55}}},"13":{"name":"(anonymous_13)","line":43,"loc":{"start":{"line":43,"column":25},"end":{"line":43,"column":41}}},"14":{"name":"(anonymous_14)","line":44,"loc":{"start":{"line":44,"column":24},"end":{"line":44,"column":38}}},"15":{"name":"(anonymous_15)","line":45,"loc":{"start":{"line":45,"column":40},"end":{"line":45,"column":57}}}},"statementMap":{"1":{"start":{"line":3,"column":0},"end":{"line":4,"column":30}},"2":{"start":{"line":6,"column":0},"end":{"line":18,"column":2}},"3":{"start":{"line":7,"column":2},"end":{"line":17,"column":4}},"4":{"start":{"line":8,"column":4},"end":{"line":12,"column":7}},"5":{"start":{"line":9,"column":6},"end":{"line":11,"column":8}},"6":{"start":{"line":10,"column":8},"end":{"line":10,"column":25}},"7":{"start":{"line":14,"column":4},"end":{"line":16,"column":7}},"8":{"start":{"line":15,"column":6},"end":{"line":15,"column":17}},"9":{"start":{"line":20,"column":0},"end":{"line":33,"column":2}},"10":{"start":{"line":21,"column":2},"end":{"line":32,"column":4}},"11":{"start":{"line":22,"column":4},"end":{"line":29,"column":7}},"12":{"start":{"line":23,"column":6},"end":{"line":28,"column":8}},"13":{"start":{"line":24,"column":8},"end":{"line":27,"column":11}},"14":{"start":{"line":25,"column":10},"end":{"line":25,"column":41}},"15":{"start":{"line":25,"column":20},"end":{"line":25,"column":41}},"16":{"start":{"line":26,"column":10},"end":{"line":26,"column":29}},"17":{"start":{"line":31,"column":4},"end":{"line":31,"column":41}},"18":{"start":{"line":35,"column":0},"end":{"line":37,"column":3}},"19":{"start":{"line":36,"column":2},"end":{"line":36,"column":51}},"20":{"start":{"line":39,"column":0},"end":{"line":41,"column":3}},"21":{"start":{"line":40,"column":2},"end":{"line":40,"column":26}},"22":{"start":{"line":43,"column":0},"end":{"line":49,"column":2}},"23":{"start":{"line":44,"column":2},"end":{"line":48,"column":5}},"24":{"start":{"line":45,"column":4},"end":{"line":47,"column":7}},"25":{"start":{"line":46,"column":6},"end":{"line":46,"column":28}}},"branchMap":{"1":{"line":25,"type":"if","locations":[{"start":{"line":25,"column":10},"end":{"line":25,"column":10}},{"start":{"line":25,"column":10},"end":{"line":25,"column":10}}]}}},"/Users/unbug/WebSpace/selenium/Whole-Foods-Market-App-sample-code/pageobjects/index.js":{"path":"/Users/unbug/WebSpace/selenium/Whole-Foods-Market-App-sample-code/pageobjects/index.js","s":{"1":1,"2":1,"3":1,"4":1,"5":2,"6":2,"7":1,"8":1,"9":1},"b":{"1":[2,1],"2":[1,1]},"f":{"1":2,"2":1},"fnMap":{"1":{"name":"(anonymous_1)","line":5,"loc":{"start":{"line":5,"column":18},"end":{"line":5,"column":34}}},"2":{"name":"(anonymous_2)","line":10,"loc":{"start":{"line":10,"column":26},"end":{"line":10,"column":42}}}},"statementMap":{"1":{"start":{"line":1,"column":0},"end":{"line":1,"column":29}},"2":{"start":{"line":2,"column":0},"end":{"line":2,"column":45}},"3":{"start":{"line":4,"column":0},"end":{"line":4,"column":24}},"4":{"start":{"line":5,"column":0},"end":{"line":8,"column":1}},"5":{"start":{"line":6,"column":2},"end":{"line":6,"column":36}},"6":{"start":{"line":7,"column":2},"end":{"line":7,"column":15}},"7":{"start":{"line":10,"column":0},"end":{"line":13,"column":1}},"8":{"start":{"line":11,"column":2},"end":{"line":11,"column":60}},"9":{"start":{"line":12,"column":2},"end":{"line":12,"column":23}}},"branchMap":{"1":{"line":6,"type":"binary-expr","locations":[{"start":{"line":6,"column":10},"end":{"line":6,"column":15}},{"start":{"line":6,"column":19},"end":{"line":6,"column":35}}]},"2":{"line":11,"type":"binary-expr","locations":[{"start":{"line":11,"column":18},"end":{"line":11,"column":31}},{"start":{"line":11,"column":35},"end":{"line":11,"column":59}}]}}},"/Users/unbug/WebSpace/selenium/Whole-Foods-Market-App-sample-code/pageobjects/Home.js":{"path":"/Users/unbug/WebSpace/selenium/Whole-Foods-Market-App-sample-code/pageobjects/Home.js","s":{"1":1,"2":1,"3":1,"4":1,"5":1,"6":1,"7":1,"8":1,"9":1},"b":{},"f":{"1":1,"2":1,"3":1,"4":1},"fnMap":{"1":{"name":"(anonymous_1)","line":1,"loc":{"start":{"line":1,"column":18},"end":{"line":1,"column":34}}},"2":{"name":"(anonymous_2)","line":5,"loc":{"start":{"line":5,"column":24},"end":{"line":5,"column":35}}},"3":{"name":"(anonymous_3)","line":8,"loc":{"start":{"line":8,"column":27},"end":{"line":8,"column":38}}},"4":{"name":"(anonymous_4)","line":11,"loc":{"start":{"line":11,"column":21},"end":{"line":11,"column":31}}}},"statementMap":{"1":{"start":{"line":1,"column":0},"end":{"line":14,"column":1}},"2":{"start":{"line":2,"column":2},"end":{"line":2,"column":91}},"3":{"start":{"line":3,"column":2},"end":{"line":3,"column":89}},"4":{"start":{"line":5,"column":2},"end":{"line":7,"column":3}},"5":{"start":{"line":6,"column":4},"end":{"line":6,"column":40}},"6":{"start":{"line":8,"column":2},"end":{"line":10,"column":3}},"7":{"start":{"line":9,"column":4},"end":{"line":9,"column":43}},"8":{"start":{"line":11,"column":2},"end":{"line":13,"column":3}},"9":{"start":{"line":12,"column":4},"end":{"line":12,"column":37}}},"branchMap":{}},"/Users/unbug/WebSpace/selenium/Whole-Foods-Market-App-sample-code/pageobjects/SearchResult.js":{"path":"/Users/unbug/WebSpace/selenium/Whole-Foods-Market-App-sample-code/pageobjects/SearchResult.js","s":{"1":1,"2":1,"3":1,"4":1,"5":1,"6":1},"b":{},"f":{"1":1,"2":1,"3":1},"fnMap":{"1":{"name":"(anonymous_1)","line":1,"loc":{"start":{"line":1,"column":17},"end":{"line":1,"column":33}}},"2":{"name":"(anonymous_2)","line":4,"loc":{"start":{"line":4,"column":18},"end":{"line":4,"column":28}}},"3":{"name":"(anonymous_3)","line":7,"loc":{"start":{"line":7,"column":28},"end":{"line":7,"column":38}}}},"statementMap":{"1":{"start":{"line":1,"column":0},"end":{"line":10,"column":1}},"2":{"start":{"line":2,"column":2},"end":{"line":2,"column":85}},"3":{"start":{"line":4,"column":2},"end":{"line":6,"column":3}},"4":{"start":{"line":5,"column":4},"end":{"line":5,"column":29}},"5":{"start":{"line":7,"column":2},"end":{"line":9,"column":3}},"6":{"start":{"line":8,"column":4},"end":{"line":8,"column":51}}},"branchMap":{}},"/Users/unbug/WebSpace/selenium/Whole-Foods-Market-App-sample-code/helpers/logging.js":{"path":"/Users/unbug/WebSpace/selenium/Whole-Foods-Market-App-sample-code/helpers/logging.js","s":{"1":1,"2":1,"3":2,"4":1,"5":22,"6":1,"7":10},"b":{"1":[22,16],"2":[10,4]},"f":{"1":1,"2":2,"3":22,"4":10},"fnMap":{"1":{"name":"(anonymous_1)","line":3,"loc":{"start":{"line":3,"column":20},"end":{"line":3,"column":38}}},"2":{"name":"(anonymous_2)","line":5,"loc":{"start":{"line":5,"column":22},"end":{"line":5,"column":38}}},"3":{"name":"(anonymous_3)","line":8,"loc":{"start":{"line":8,"column":23},"end":{"line":8,"column":51}}},"4":{"name":"(anonymous_4)","line":11,"loc":{"start":{"line":11,"column":20},"end":{"line":11,"column":48}}}},"statementMap":{"1":{"start":{"line":3,"column":0},"end":{"line":14,"column":2}},"2":{"start":{"line":5,"column":2},"end":{"line":7,"column":5}},"3":{"start":{"line":6,"column":4},"end":{"line":6,"column":27}},"4":{"start":{"line":8,"column":2},"end":{"line":10,"column":5}},"5":{"start":{"line":9,"column":4},"end":{"line":9,"column":60}},"6":{"start":{"line":11,"column":2},"end":{"line":13,"column":5}},"7":{"start":{"line":12,"column":4},"end":{"line":12,"column":63}}},"branchMap":{"1":{"line":9,"type":"binary-expr","locations":[{"start":{"line":9,"column":48},"end":{"line":9,"column":52}},{"start":{"line":9,"column":56},"end":{"line":9,"column":58}}]},"2":{"line":12,"type":"binary-expr","locations":[{"start":{"line":12,"column":45},"end":{"line":12,"column":49}},{"start":{"line":12,"column":53},"end":{"line":12,"column":55}}]}}},"/Users/unbug/WebSpace/selenium/Whole-Foods-Market-App-sample-code/helpers/caps.js":{"path":"/Users/unbug/WebSpace/selenium/Whole-Foods-Market-App-sample-code/helpers/caps.js","s":{"1":1,"2":1,"3":1,"4":1,"5":1,"6":1},"b":{},"f":{},"fnMap":{},"statementMap":{"1":{"start":{"line":2,"column":0},"end":{"line":9,"column":2}},"2":{"start":{"line":10,"column":0},"end":{"line":17,"column":2}},"3":{"start":{"line":19,"column":0},"end":{"line":26,"column":2}},"4":{"start":{"line":28,"column":0},"end":{"line":35,"column":2}},"5":{"start":{"line":36,"column":0},"end":{"line":43,"column":2}},"6":{"start":{"line":44,"column":0},"end":{"line":52,"column":2}}},"branchMap":{}},"/Users/unbug/WebSpace/selenium/Whole-Foods-Market-App-sample-code/helpers/apps.js":{"path":"/Users/unbug/WebSpace/selenium/Whole-Foods-Market-App-sample-code/helpers/apps.js","s":{"1":1},"b":{},"f":{},"fnMap":{},"statementMap":{"1":{"start":{"line":1,"column":0},"end":{"line":5,"column":1}}},"branchMap":{}}}